TN:
SF:src/constants/routes.js
FN:13,(anonymous_0)
FNF:1
FNH:1
FNDA:44,(anonymous_0)
DA:6,6
DA:13,6
DA:14,44
DA:16,13
DA:18,12
DA:20,6
DA:22,12
DA:24,1
LF:8
LH:8
BRDA:14,0,0,13
BRDA:14,0,1,12
BRDA:14,0,2,6
BRDA:14,0,3,12
BRDA:14,0,4,1
BRF:5
BRH:5
end_of_record
TN:
SF:src/constants/usersTest.js
FNF:0
FNH:0
LF:0
LH:0
BRF:0
BRH:0
end_of_record
TN:
SF:src/containers/Bills.js
FN:8,(anonymous_0)
FN:15,(anonymous_1)
FN:16,(anonymous_2)
FN:21,(anonymous_3)
FN:26,(anonymous_4)
FN:33,(anonymous_5)
FN:40,(anonymous_6)
FN:42,(anonymous_7)
FN:48,(anonymous_8)
FN:50,(anonymous_9)
FN:69,(anonymous_10)
FNF:11
FNH:10
FNDA:15,(anonymous_0)
FNDA:26,(anonymous_1)
FNDA:0,(anonymous_2)
FNDA:1,(anonymous_3)
FNDA:1,(anonymous_4)
FNDA:8,(anonymous_5)
FNDA:6,(anonymous_6)
FNDA:24,(anonymous_7)
FNDA:33,(anonymous_8)
FNDA:24,(anonymous_9)
FNDA:2,(anonymous_10)
DA:9,15
DA:10,15
DA:11,15
DA:12,15
DA:13,15
DA:14,15
DA:15,15
DA:16,26
DA:18,15
DA:21,15
DA:22,1
DA:26,15
DA:27,1
DA:28,1
DA:29,1
DA:30,1
DA:33,15
DA:34,8
DA:35,8
DA:36,8
DA:37,8
DA:41,6
DA:42,24
DA:48,33
DA:51,24
DA:52,24
DA:58,0
DA:59,0
DA:66,6
DA:67,6
DA:71,2
DA:76,0
LF:32
LH:29
BRDA:13,0,0,6
BRDA:13,0,1,9
BRDA:15,1,0,15
BRDA:15,1,1,0
BRDA:36,2,0,8
BRDA:36,2,1,0
BRF:6
BRH:4
end_of_record
TN:
SF:src/containers/Dashboard.js
FN:8,(anonymous_0)
FN:10,(anonymous_1)
FN:30,(anonymous_2)
FN:55,(anonymous_3)
FN:56,(anonymous_4)
FN:59,(anonymous_5)
FN:71,(anonymous_6)
FN:75,(anonymous_7)
FN:76,(anonymous_8)
FN:77,(anonymous_9)
FN:81,(anonymous_10)
FN:88,(anonymous_11)
FN:98,(anonymous_12)
FN:119,(anonymous_13)
FN:120,(anonymous_14)
FN:123,(anonymous_15)
FN:133,(anonymous_16)
FN:143,(anonymous_17)
FN:174,(anonymous_18)
FN:175,(anonymous_19)
FN:182,(anonymous_20)
FN:187,(anonymous_21)
FN:189,(anonymous_22)
FN:197,(anonymous_23)
FNF:24
FNH:19
FNDA:44,(anonymous_0)
FNDA:104,(anonymous_1)
FNDA:6,(anonymous_2)
FNDA:6,(anonymous_3)
FNDA:6,(anonymous_4)
FNDA:5,(anonymous_5)
FNDA:14,(anonymous_6)
FNDA:0,(anonymous_7)
FNDA:0,(anonymous_8)
FNDA:0,(anonymous_9)
FNDA:1,(anonymous_10)
FNDA:3,(anonymous_11)
FNDA:8,(anonymous_12)
FNDA:0,(anonymous_13)
FNDA:0,(anonymous_14)
FNDA:1,(anonymous_15)
FNDA:1,(anonymous_16)
FNDA:5,(anonymous_17)
FNDA:20,(anonymous_18)
FNDA:3,(anonymous_19)
FNDA:5,(anonymous_20)
FNDA:3,(anonymous_21)
FNDA:12,(anonymous_22)
FNDA:2,(anonymous_23)
DA:8,6
DA:9,44
DA:14,104
DA:15,104
DA:20,0
DA:21,0
DA:26,104
DA:30,6
DA:31,6
DA:32,6
DA:34,6
DA:37,6
DA:55,6
DA:56,6
DA:59,6
DA:60,5
DA:62,3
DA:64,1
DA:66,1
DA:72,14
DA:73,14
DA:74,14
DA:75,14
DA:76,14
DA:77,14
DA:78,14
DA:81,14
DA:82,1
DA:83,1
DA:84,1
DA:85,1
DA:89,3
DA:92,3
DA:93,3
DA:97,3
DA:98,2
DA:99,8
DA:102,2
DA:103,2
DA:104,2
DA:105,2
DA:106,2
DA:108,1
DA:110,1
DA:113,1
DA:114,1
DA:115,1
DA:118,3
DA:119,3
DA:120,3
DA:123,14
DA:124,1
DA:129,1
DA:130,1
DA:133,14
DA:134,1
DA:139,1
DA:140,1
DA:144,5
DA:146,5
DA:149,5
DA:151,5
DA:153,5
DA:155,5
DA:157,5
DA:158,5
DA:161,0
DA:164,0
DA:165,0
DA:169,5
DA:172,5
DA:174,5
DA:175,20
DA:179,5
DA:182,14
DA:183,5
DA:184,5
DA:188,3
DA:189,12
DA:195,3
DA:198,2
LF:81
LH:76
BRDA:9,0,0,26
BRDA:9,0,1,18
BRDA:9,1,0,44
BRDA:9,1,1,26
BRDA:14,2,0,104
BRDA:14,2,1,0
BRDA:22,3,0,0
BRDA:22,3,1,0
BRDA:32,4,0,0
BRDA:32,4,1,6
BRDA:34,5,0,0
BRDA:34,5,1,6
BRDA:56,6,0,5
BRDA:56,6,1,1
BRDA:56,7,0,6
BRDA:56,7,1,6
BRDA:60,8,0,3
BRDA:60,8,1,1
BRDA:60,8,2,1
BRDA:85,9,0,0
BRDA:85,9,1,1
BRDA:92,10,0,2
BRDA:92,10,1,1
BRDA:92,11,0,3
BRDA:92,11,1,1
BRDA:93,12,0,2
BRDA:93,12,1,1
BRDA:93,13,0,3
BRDA:93,13,1,1
BRDA:97,14,0,2
BRDA:97,14,1,1
BRDA:146,15,0,5
BRDA:146,15,1,3
BRDA:149,16,0,5
BRDA:149,16,1,5
BRDA:153,17,0,5
BRDA:153,17,1,0
BRDA:172,18,0,5
BRDA:172,18,1,0
BRDA:183,19,0,5
BRDA:183,19,1,0
BRF:41
BRH:32
end_of_record
TN:
SF:src/containers/Login.js
FN:7,(anonymous_0)
FN:18,(anonymous_1)
FN:29,(anonymous_2)
FN:31,(anonymous_3)
FN:40,(anonymous_4)
FN:51,(anonymous_5)
FN:53,(anonymous_6)
FN:62,(anonymous_7)
FN:68,(anonymous_8)
FN:77,(anonymous_9)
FN:87,(anonymous_10)
FNF:11
FNH:5
FNDA:5,(anonymous_0)
FNDA:2,(anonymous_1)
FNDA:0,(anonymous_2)
FNDA:2,(anonymous_3)
FNDA:2,(anonymous_4)
FNDA:0,(anonymous_5)
FNDA:2,(anonymous_6)
FNDA:0,(anonymous_7)
FNDA:0,(anonymous_8)
FNDA:0,(anonymous_9)
FNDA:0,(anonymous_10)
DA:3,4
DA:8,5
DA:9,5
DA:10,5
DA:11,5
DA:12,5
DA:13,5
DA:14,5
DA:15,5
DA:16,5
DA:18,5
DA:19,2
DA:20,2
DA:26,2
DA:27,2
DA:29,0
DA:32,2
DA:33,2
DA:34,2
DA:35,2
DA:40,5
DA:41,2
DA:42,2
DA:48,2
DA:49,2
DA:51,0
DA:54,2
DA:55,2
DA:56,2
DA:57,2
DA:62,5
DA:63,0
DA:64,0
DA:69,0
DA:72,0
DA:77,5
DA:78,0
DA:79,0
DA:88,0
DA:89,0
DA:92,0
LF:41
LH:30
BRDA:63,0,0,0
BRDA:63,0,1,0
BRDA:78,1,0,0
BRDA:78,1,1,0
BRF:4
BRH:0
end_of_record
TN:
SF:src/containers/Logout.js
FN:4,(anonymous_0)
FN:11,(anonymous_1)
FNF:2
FNH:2
FNDA:38,(anonymous_0)
FNDA:2,(anonymous_1)
DA:5,38
DA:6,38
DA:7,38
DA:8,38
DA:11,38
DA:12,2
DA:13,2
LF:7
LH:7
BRF:0
BRH:0
end_of_record
TN:
SF:src/containers/NewBill.js
FN:7,(anonymous_0)
FN:34,(anonymous_1)
FN:38,(anonymous_2)
FN:87,(anonymous_3)
FN:92,(anonymous_4)
FN:98,(anonymous_5)
FN:119,(anonymous_6)
FN:122,(anonymous_7)
FN:138,(anonymous_8)
FN:144,(anonymous_9)
FN:148,(anonymous_10)
FNF:11
FNH:7
FNDA:8,(anonymous_0)
FNDA:2,(anonymous_1)
FNDA:2,(anonymous_2)
FNDA:1,(anonymous_3)
FNDA:0,(anonymous_4)
FNDA:3,(anonymous_5)
FNDA:1,(anonymous_6)
FNDA:2,(anonymous_7)
FNDA:0,(anonymous_8)
FNDA:0,(anonymous_9)
FNDA:0,(anonymous_10)
DA:8,8
DA:9,8
DA:10,8
DA:11,8
DA:13,8
DA:14,8
DA:16,8
DA:18,8
DA:19,8
DA:22,8
DA:23,8
DA:24,8
DA:25,8
DA:26,8
DA:28,8
DA:29,8
DA:30,8
DA:31,8
DA:35,2
DA:38,8
DA:39,2
DA:40,2
DA:41,2
DA:43,2
DA:44,2
DA:46,2
DA:61,2
DA:63,2
DA:65,1
DA:68,1
DA:69,1
DA:70,1
DA:74,1
DA:76,1
DA:77,1
DA:78,1
DA:79,1
DA:81,1
DA:88,1
DA:89,1
DA:90,1
DA:94,0
DA:95,0
DA:98,8
DA:99,3
DA:100,3
DA:101,3
DA:102,3
DA:116,3
DA:120,1
DA:124,2
DA:125,2
DA:127,0
DA:130,2
DA:131,2
DA:138,8
DA:139,0
DA:140,0
DA:141,0
DA:146,0
DA:150,0
LF:61
LH:53
BRDA:43,0,0,2
BRDA:43,0,1,0
BRDA:63,1,0,1
BRDA:63,1,1,1
BRDA:109,2,0,3
BRDA:109,2,1,2
BRDA:125,3,0,0
BRDA:125,3,1,2
BRDA:140,4,0,0
BRDA:140,4,1,0
BRF:10
BRH:6
end_of_record
TN:
SF:src/containers/NewBillBAK.js
FN:7,(anonymous_0)
FN:34,(anonymous_1)
FN:38,(anonymous_2)
FN:87,(anonymous_3)
FN:92,(anonymous_4)
FN:98,(anonymous_5)
FN:120,(anonymous_6)
FN:126,(anonymous_7)
FN:129,(anonymous_8)
FNF:9
FNH:0
FNDA:0,(anonymous_0)
FNDA:0,(anonymous_1)
FNDA:0,(anonymous_2)
FNDA:0,(anonymous_3)
FNDA:0,(anonymous_4)
FNDA:0,(anonymous_5)
FNDA:0,(anonymous_6)
FNDA:0,(anonymous_7)
FNDA:0,(anonymous_8)
DA:8,0
DA:9,0
DA:10,0
DA:11,0
DA:13,0
DA:14,0
DA:16,0
DA:18,0
DA:19,0
DA:22,0
DA:23,0
DA:24,0
DA:25,0
DA:26,0
DA:28,0
DA:29,0
DA:30,0
DA:31,0
DA:35,0
DA:38,0
DA:39,0
DA:40,0
DA:41,0
DA:43,0
DA:44,0
DA:46,0
DA:61,0
DA:63,0
DA:65,0
DA:68,0
DA:69,0
DA:70,0
DA:74,0
DA:76,0
DA:77,0
DA:78,0
DA:79,0
DA:81,0
DA:88,0
DA:89,0
DA:90,0
DA:94,0
DA:95,0
DA:98,0
DA:99,0
DA:100,0
DA:101,0
DA:102,0
DA:115,0
DA:116,0
DA:120,0
DA:121,0
DA:122,0
DA:123,0
DA:127,0
DA:131,0
LF:56
LH:0
BRDA:43,0,0,0
BRDA:43,0,1,0
BRDA:63,1,0,0
BRDA:63,1,1,0
BRDA:109,2,0,0
BRDA:109,2,1,0
BRDA:122,3,0,0
BRDA:122,3,1,0
BRF:8
BRH:0
end_of_record
TN:
SF:src/views/Actions.js
FN:4,(anonymous_0)
FNF:1
FNH:1
FNDA:26,(anonymous_0)
DA:5,26
LF:1
LH:1
BRF:0
BRH:0
end_of_record
TN:
SF:src/views/BillsUI.js
FN:7,(anonymous_0)
FN:27,(anonymous_1)
FN:32,(anonymous_2)
FN:37,(anonymous_3)
FN:45,(anonymous_4)
FN:47,(anonymous_5)
FNF:6
FNH:6
FNDA:24,(anonymous_0)
FNDA:9,(anonymous_1)
FNDA:21,(anonymous_2)
FNDA:24,(anonymous_3)
FNDA:18,(anonymous_4)
FNDA:9,(anonymous_5)
DA:7,6
DA:8,24
DA:27,6
DA:28,9
DA:29,6
DA:32,21
DA:37,24
DA:40,3
DA:42,9
DA:47,18
DA:65,18
DA:66,7
DA:67,11
DA:68,2
DA:77,9
LF:15
LH:15
BRDA:28,0,0,6
BRDA:28,0,1,3
BRDA:28,1,0,9
BRDA:28,1,1,7
BRDA:65,2,0,7
BRDA:65,2,1,11
BRDA:67,3,0,2
BRDA:67,3,1,9
BRF:8
BRH:8
end_of_record
TN:
SF:src/views/DashboardFormUI.js
FN:7,(anonymous_0)
FN:24,(anonymous_1)
FNF:2
FNH:2
FNDA:9,(anonymous_0)
FNDA:9,(anonymous_1)
DA:7,9
DA:26,9
LF:2
LH:2
BRDA:79,0,0,6
BRDA:79,0,1,3
BRDA:92,1,0,6
BRDA:92,1,1,3
BRF:4
BRH:4
end_of_record
TN:
SF:src/views/DashboardUI.js
FN:8,(anonymous_0)
FNF:1
FNH:1
FNDA:21,(anonymous_0)
DA:10,21
DA:11,6
DA:12,15
DA:13,3
DA:16,12
LF:5
LH:5
BRDA:10,0,0,6
BRDA:10,0,1,15
BRDA:12,1,0,3
BRDA:12,1,1,12
BRDA:22,2,0,12
BRDA:22,2,1,7
BRDA:29,3,0,12
BRDA:29,3,1,7
BRDA:36,4,0,12
BRDA:36,4,1,7
BRF:10
BRH:10
end_of_record
TN:
SF:src/views/ErrorPage.js
FN:3,(anonymous_0)
FNF:1
FNH:1
FNDA:7,(anonymous_0)
DA:4,7
LF:1
LH:1
BRDA:12,0,0,6
BRDA:12,0,1,1
BRF:2
BRH:2
end_of_record
TN:
SF:src/views/LoadingPage.js
FN:3,(anonymous_0)
FNF:1
FNH:1
FNDA:14,(anonymous_0)
DA:5,14
LF:1
LH:1
BRF:0
BRH:0
end_of_record
TN:
SF:src/views/LoginUI.js
FN:2,(anonymous_0)
FNF:1
FNH:1
FNDA:20,(anonymous_0)
DA:4,20
LF:1
LH:1
BRF:0
BRH:0
end_of_record
TN:
SF:src/views/NewBillUI.js
FN:5,(anonymous_0)
FNF:1
FNH:1
FNDA:6,(anonymous_0)
DA:7,6
DA:8,0
DA:11,6
LF:3
LH:2
BRDA:7,0,0,0
BRDA:7,0,1,6
BRF:2
BRH:1
end_of_record
TN:
SF:src/views/VerticalLayout.js
FN:5,(anonymous_0)
FNF:1
FNH:1
FNDA:49,(anonymous_0)
DA:7,49
DA:8,49
DA:9,37
DA:11,49
DA:12,21
DA:29,28
LF:6
LH:6
BRDA:8,0,0,37
BRDA:8,0,1,12
BRDA:11,1,0,21
BRDA:11,1,1,28
BRDA:11,2,0,49
BRDA:11,2,1,37
BRF:6
BRH:6
end_of_record
